<?xml version="1.0" encoding="UTF-8"?>
<testng-results skipped="0" failed="0" total="4" passed="4">
  <reporter-output>
  </reporter-output>
  <suite name="Suite" duration-ms="176489" started-at="2018-03-11T07:38:28Z" finished-at="2018-03-11T07:41:25Z">
    <groups>
    </groups>
    <test name="iPhone5s Test" duration-ms="148892" started-at="2018-03-11T07:38:28Z" finished-at="2018-03-11T07:40:57Z">
      <class name="com.settings2.Settings22">
        <test-method status="PASS" signature="setup(java.lang.String, java.lang.String, java.lang.String)[pri:0, instance:com.settings2.Settings22@6acdbdf5]" name="setup" is-config="true" duration-ms="41563" started-at="2018-03-11T18:38:28Z" finished-at="2018-03-11T18:39:10Z">
          <params>
            <param index="0">
              <value>
                <![CDATA[f48afeb1bffa999c8a82d176701b19ee67865e48]]>
              </value>
            </param>
            <param index="1">
              <value>
                <![CDATA[8102]]>
              </value>
            </param>
            <param index="2">
              <value>
                <![CDATA[4723]]>
              </value>
            </param>
          </params>
          <reporter-output>
          </reporter-output>
        </test-method> <!-- setup -->
        <test-method status="PASS" signature="setupmethod()[pri:0, instance:com.settings2.Settings22@6acdbdf5]" name="setupmethod" is-config="true" duration-ms="1" started-at="2018-03-11T18:39:10Z" finished-at="2018-03-11T18:39:10Z">
          <reporter-output>
          </reporter-output>
        </test-method> <!-- setupmethod -->
        <test-method status="PASS" signature="testWiFi()[pri:0, instance:com.settings2.Settings22@6acdbdf5]" name="testWiFi" duration-ms="51559" started-at="2018-03-11T18:39:10Z" finished-at="2018-03-11T18:40:01Z">
          <reporter-output>
          </reporter-output>
        </test-method> <!-- testWiFi -->
        <test-method status="PASS" signature="teardownmethod()[pri:0, instance:com.settings2.Settings22@6acdbdf5]" name="teardownmethod" is-config="true" duration-ms="0" started-at="2018-03-11T18:40:01Z" finished-at="2018-03-11T18:40:01Z">
          <reporter-output>
          </reporter-output>
        </test-method> <!-- teardownmethod -->
      </class> <!-- com.settings2.Settings22 -->
      <class name="com.settings2.settings21">
        <test-method status="PASS" signature="setup(java.lang.String, java.lang.String, java.lang.String)[pri:0, instance:com.settings2.settings21@396f6598]" name="setup" is-config="true" duration-ms="9003" started-at="2018-03-11T18:40:01Z" finished-at="2018-03-11T18:40:10Z">
          <params>
            <param index="0">
              <value>
                <![CDATA[f48afeb1bffa999c8a82d176701b19ee67865e48]]>
              </value>
            </param>
            <param index="1">
              <value>
                <![CDATA[8102]]>
              </value>
            </param>
            <param index="2">
              <value>
                <![CDATA[4723]]>
              </value>
            </param>
          </params>
          <reporter-output>
          </reporter-output>
        </test-method> <!-- setup -->
        <test-method status="PASS" signature="testfirst202()[pri:0, instance:com.settings2.settings21@396f6598]" name="testfirst202" duration-ms="46741" started-at="2018-03-11T18:40:10Z" finished-at="2018-03-11T18:40:57Z">
          <reporter-output>
          </reporter-output>
        </test-method> <!-- testfirst202 -->
        <test-method status="PASS" signature="setupmethod()[pri:0, instance:com.settings2.settings21@396f6598]" name="setupmethod" is-config="true" duration-ms="0" started-at="2018-03-11T18:40:10Z" finished-at="2018-03-11T18:40:10Z">
          <reporter-output>
          </reporter-output>
        </test-method> <!-- setupmethod -->
        <test-method status="PASS" signature="teardownmethod()[pri:0, instance:com.settings2.settings21@396f6598]" name="teardownmethod" is-config="true" duration-ms="0" started-at="2018-03-11T18:40:57Z" finished-at="2018-03-11T18:40:57Z">
          <reporter-output>
          </reporter-output>
        </test-method> <!-- teardownmethod -->
      </class> <!-- com.settings2.settings21 -->
    </test> <!-- iPhone5s Test -->
    <test name="iPhone7 Plus Test" duration-ms="176489" started-at="2018-03-11T07:38:28Z" finished-at="2018-03-11T07:41:25Z">
      <class name="com.settings1.settings11">
        <test-method status="PASS" signature="setup(java.lang.String, java.lang.String, java.lang.String)[pri:0, instance:com.settings1.settings11@30a3107a]" name="setup" is-config="true" duration-ms="59600" started-at="2018-03-11T18:38:28Z" finished-at="2018-03-11T18:39:28Z">
          <params>
            <param index="0">
              <value>
                <![CDATA[3bc7dd8b5c22793740afe7d216afb5ba2933e394]]>
              </value>
            </param>
            <param index="1">
              <value>
                <![CDATA[7102]]>
              </value>
            </param>
            <param index="2">
              <value>
                <![CDATA[4723]]>
              </value>
            </param>
          </params>
          <reporter-output>
          </reporter-output>
        </test-method> <!-- setup -->
        <test-method status="PASS" signature="testsec1()[pri:0, instance:com.settings1.settings11@30a3107a]" name="testsec1" duration-ms="50139" started-at="2018-03-11T18:39:28Z" finished-at="2018-03-11T18:40:18Z">
          <reporter-output>
          </reporter-output>
        </test-method> <!-- testsec1 -->
        <test-method status="PASS" signature="setupmethod()[pri:0, instance:com.settings1.settings11@30a3107a]" name="setupmethod" is-config="true" duration-ms="0" started-at="2018-03-11T18:39:28Z" finished-at="2018-03-11T18:39:28Z">
          <reporter-output>
          </reporter-output>
        </test-method> <!-- setupmethod -->
        <test-method status="PASS" signature="teardownmethod()[pri:0, instance:com.settings1.settings11@30a3107a]" name="teardownmethod" is-config="true" duration-ms="1" started-at="2018-03-11T18:40:18Z" finished-at="2018-03-11T18:40:18Z">
          <reporter-output>
          </reporter-output>
        </test-method> <!-- teardownmethod -->
        <test-method status="FAIL" signature="teardown()[pri:0, instance:com.settings1.settings11@30a3107a]" name="teardown" is-config="true" duration-ms="0" started-at="2018-03-11T18:41:25Z" finished-at="2018-03-11T18:41:25Z">
          <exception class="org.openqa.selenium.NoSuchSessionException">
            <message>
              <![CDATA[A session is either terminated or not started (WARNING: The server did not provide any stacktrace information)
Command duration or timeout: 0 milliseconds
Build info: version: '3.7.1', revision: '8a0099a', time: '2017-11-06T21:01:39.354Z'
System info: host: 'Shanojs-Air', ip: 'fe80:0:0:0:1c1a:62c6:aab0:5bb7%en0', os.name: 'Mac OS X', os.arch: 'x86_64', os.version: '10.13.1', java.version: '1.8.0_161'
Driver info: io.appium.java_client.ios.IOSDriver
Capabilities {app: settings, automationName: XCUITest, browserName: , clearSystemFiles: true, databaseEnabled: false, deviceName: iPhone, javascriptEnabled: true, locationContextEnabled: false, networkConnectionEnabled: false, platform: MAC, platformName: MAC, platformVersion: 11.0, preventWDAAttachments: true, takesScreenshot: true, udid: 3bc7dd8b5c22793740afe7d216a..., wdaLocalPort: 7102, webStorageEnabled: false}
Session ID: 0e70c8a1-7ae3-4b90-9284-c98de27bd9d7]]>
            </message>
            <full-stacktrace>
              <![CDATA[org.openqa.selenium.NoSuchSessionException: A session is either terminated or not started (WARNING: The server did not provide any stacktrace information)
Command duration or timeout: 0 milliseconds
Build info: version: '3.7.1', revision: '8a0099a', time: '2017-11-06T21:01:39.354Z'
System info: host: 'Shanojs-Air', ip: 'fe80:0:0:0:1c1a:62c6:aab0:5bb7%en0', os.name: 'Mac OS X', os.arch: 'x86_64', os.version: '10.13.1', java.version: '1.8.0_161'
Driver info: io.appium.java_client.ios.IOSDriver
Capabilities {app: settings, automationName: XCUITest, browserName: , clearSystemFiles: true, databaseEnabled: false, deviceName: iPhone, javascriptEnabled: true, locationContextEnabled: false, networkConnectionEnabled: false, platform: MAC, platformName: MAC, platformVersion: 11.0, preventWDAAttachments: true, takesScreenshot: true, udid: 3bc7dd8b5c22793740afe7d216a..., wdaLocalPort: 7102, webStorageEnabled: false}
Session ID: 0e70c8a1-7ae3-4b90-9284-c98de27bd9d7
	at sun.reflect.NativeConstructorAccessorImpl.newInstance0(Native Method)
	at sun.reflect.NativeConstructorAccessorImpl.newInstance(NativeConstructorAccessorImpl.java:62)
	at sun.reflect.DelegatingConstructorAccessorImpl.newInstance(DelegatingConstructorAccessorImpl.java:45)
	at java.lang.reflect.Constructor.newInstance(Constructor.java:423)
	at org.openqa.selenium.remote.ErrorHandler.createThrowable(ErrorHandler.java:214)
	at org.openqa.selenium.remote.ErrorHandler.throwIfResponseFailed(ErrorHandler.java:166)
	at org.openqa.selenium.remote.http.JsonHttpResponseCodec.reconstructValue(JsonHttpResponseCodec.java:40)
	at org.openqa.selenium.remote.http.AbstractHttpResponseCodec.decode(AbstractHttpResponseCodec.java:80)
	at org.openqa.selenium.remote.http.AbstractHttpResponseCodec.decode(AbstractHttpResponseCodec.java:44)
	at org.openqa.selenium.remote.HttpCommandExecutor.execute(HttpCommandExecutor.java:164)
	at io.appium.java_client.remote.AppiumCommandExecutor.execute(AppiumCommandExecutor.java:129)
	at org.openqa.selenium.remote.RemoteWebDriver.execute(RemoteWebDriver.java:600)
	at io.appium.java_client.DefaultGenericMobileDriver.execute(DefaultGenericMobileDriver.java:46)
	at io.appium.java_client.AppiumDriver.execute(AppiumDriver.java:1)
	at io.appium.java_client.ios.IOSDriver.execute(IOSDriver.java:1)
	at org.openqa.selenium.remote.RemoteWebDriver.quit(RemoteWebDriver.java:496)
	at auto.common.InitAppium2.teardown(InitAppium2.java:205)
	at sun.reflect.NativeMethodAccessorImpl.invoke0(Native Method)
	at sun.reflect.NativeMethodAccessorImpl.invoke(NativeMethodAccessorImpl.java:62)
	at sun.reflect.DelegatingMethodAccessorImpl.invoke(DelegatingMethodAccessorImpl.java:43)
	at java.lang.reflect.Method.invoke(Method.java:498)
	at org.testng.internal.MethodInvocationHelper.invokeMethod(MethodInvocationHelper.java:85)
	at org.testng.internal.Invoker.invokeConfigurationMethod(Invoker.java:552)
	at org.testng.internal.Invoker.invokeConfigurations(Invoker.java:215)
	at org.testng.internal.Invoker.invokeConfigurations(Invoker.java:140)
	at org.testng.SuiteRunner.privateRun(SuiteRunner.java:322)
	at org.testng.SuiteRunner.run(SuiteRunner.java:254)
	at org.testng.SuiteRunnerWorker.runSuite(SuiteRunnerWorker.java:52)
	at org.testng.SuiteRunnerWorker.run(SuiteRunnerWorker.java:86)
	at org.testng.TestNG.runSuitesSequentially(TestNG.java:1224)
	at org.testng.TestNG.runSuitesLocally(TestNG.java:1149)
	at org.testng.TestNG.run(TestNG.java:1057)
	at org.testng.remote.AbstractRemoteTestNG.run(AbstractRemoteTestNG.java:114)
	at org.testng.remote.RemoteTestNG.initAndRun(RemoteTestNG.java:251)
	at org.testng.remote.RemoteTestNG.main(RemoteTestNG.java:77)
]]>
            </full-stacktrace>
          </exception> <!-- org.openqa.selenium.NoSuchSessionException -->
          <reporter-output>
          </reporter-output>
        </test-method> <!-- teardown -->
      </class> <!-- com.settings1.settings11 -->
      <class name="com.settings1.Settings12">
        <test-method status="PASS" signature="setup(java.lang.String, java.lang.String, java.lang.String)[pri:0, instance:com.settings1.Settings12@33c7e1bb]" name="setup" is-config="true" duration-ms="6428" started-at="2018-03-11T18:40:18Z" finished-at="2018-03-11T18:40:24Z">
          <params>
            <param index="0">
              <value>
                <![CDATA[3bc7dd8b5c22793740afe7d216afb5ba2933e394]]>
              </value>
            </param>
            <param index="1">
              <value>
                <![CDATA[7102]]>
              </value>
            </param>
            <param index="2">
              <value>
                <![CDATA[4723]]>
              </value>
            </param>
          </params>
          <reporter-output>
          </reporter-output>
        </test-method> <!-- setup -->
        <test-method status="PASS" signature="testfirst201()[pri:0, instance:com.settings1.Settings12@33c7e1bb]" name="testfirst201" duration-ms="60303" started-at="2018-03-11T18:40:24Z" finished-at="2018-03-11T18:41:25Z">
          <reporter-output>
          </reporter-output>
        </test-method> <!-- testfirst201 -->
        <test-method status="PASS" signature="setupmethod()[pri:0, instance:com.settings1.Settings12@33c7e1bb]" name="setupmethod" is-config="true" duration-ms="0" started-at="2018-03-11T18:40:24Z" finished-at="2018-03-11T18:40:24Z">
          <reporter-output>
          </reporter-output>
        </test-method> <!-- setupmethod -->
        <test-method status="PASS" signature="teardownmethod()[pri:0, instance:com.settings1.Settings12@33c7e1bb]" name="teardownmethod" is-config="true" duration-ms="1" started-at="2018-03-11T18:41:25Z" finished-at="2018-03-11T18:41:25Z">
          <reporter-output>
          </reporter-output>
        </test-method> <!-- teardownmethod -->
      </class> <!-- com.settings1.Settings12 -->
    </test> <!-- iPhone7 Plus Test -->
  </suite> <!-- Suite -->
</testng-results>
